<?xml version="1.0" encoding="UTF-8"?>
<!-- Generated by org.testng.reporters.JUnitReportReporter -->
<testsuite hostname="DESKTOP-NQGAFJU" failures="0" tests="1" name="com.parameters.ParameterTest" time="6.886" errors="0" timestamp="2020-01-03T21:19:36 IST" skipped="0">
  <testcase classname="com.parameters.ParameterTest" name="yahooLoginTest" time="6.886"/>
</testsuite> <!-- com.parameters.ParameterTest -->
